<?xml version="1.0" encoding="UTF-8"?>
<!-- Generated by org.testng.reporters.JUnitReportReporter -->
<testsuite hostname="DESKTOP-BF9E4NI" failures="0" tests="2" name="TestRunner.CucumberTestRunnerForTags" time="0.097" errors="0" timestamp="2024-05-27T14:08:12 IST" skipped="0">
  <testcase classname="TestRunner.CucumberTestRunnerForTags" name="runScenario" time="0.006"/>
  <testcase classname="TestRunner.CucumberTestRunnerForTags" name="runScenario" time="0.091"/>
</testsuite> <!-- TestRunner.CucumberTestRunnerForTags -->
